
==================================================
价格监控检查 - 2026-02-17 13:00
==================================================

BITCOIN:
  之前: $68,400.00
  当前: $68,394.00
  涨跌: -0.01%

ETHEREUM:
  之前: $1,987.60
  当前: $1,987.48
  涨跌: -0.01%

📊 价格波动在 5.0% 范围内，无告警

==================================================
价格监控检查 - 2026-02-17 14:00
==================================================

BITCOIN:
  之前: $68,394.00
  当前: $68,218.00
  涨跌: -0.26%

ETHEREUM:
  之前: $1,987.48
  当前: $1,974.91
  涨跌: -0.63%

📊 价格波动在 5.0% 范围内，无告警
